Analysis & Synthesis report for SegDecCount
Sun Apr 13 14:17:12 2014
Quartus II 64-Bit Version 13.1.0 Build 162 10/23/2013 SJ Web Edition


---------------------
; Table of Contents ;
---------------------
  1. Legal Notice
  2. Analysis & Synthesis Summary
  3. Analysis & Synthesis Settings
  4. Parallel Compilation
  5. Analysis & Synthesis Source Files Read
  6. Analysis & Synthesis Resource Usage Summary
  7. Analysis & Synthesis Resource Utilization by Entity
  8. User-Specified and Inferred Latches
  9. Registers Removed During Synthesis
 10. General Register Statistics
 11. Inverted Register Statistics
 12. Multiplexer Restructuring Statistics (Restructuring Performed)
 13. Parameter Settings for User Entity Instance: Top-level Entity: |SegDecCount
 14. Parameter Settings for User Entity Instance: DigitMove:DigitShift
 15. Parameter Settings for Inferred Entity Instance: lpm_mult:Mult1
 16. Parameter Settings for Inferred Entity Instance: lpm_mult:Mult0
 17. lpm_mult Parameter Settings by Entity Instance
 18. Port Connectivity Checks: "BcdCountSegDisplay:digit0|SegBlink:SegBlinking|Clk_div:blink_clk"
 19. Port Connectivity Checks: "Chattering:btn0_chatter|Clk_div:gene_1khz"
 20. Elapsed Time Per Partition
 21. Analysis & Synthesis Messages



----------------
; Legal Notice ;
----------------
Copyright (C) 1991-2013 Altera Corporation
Your use of Altera Corporation's design tools, logic functions 
and other software and tools, and its AMPP partner logic 
functions, and any output files from any of the foregoing 
(including device programming or simulation files), and any 
associated documentation or information are expressly subject 
to the terms and conditions of the Altera Program License 
Subscription Agreement, Altera MegaCore Function License 
Agreement, or other applicable license agreement, including, 
without limitation, that your use is for the sole purpose of 
programming logic devices manufactured by Altera and sold by 
Altera or its authorized distributors.  Please refer to the 
applicable agreement for further details.



+---------------------------------------------------------------------------------+
; Analysis & Synthesis Summary                                                    ;
+------------------------------------+--------------------------------------------+
; Analysis & Synthesis Status        ; Successful - Sun Apr 13 14:17:12 2014      ;
; Quartus II 64-Bit Version          ; 13.1.0 Build 162 10/23/2013 SJ Web Edition ;
; Revision Name                      ; SegDecCount                                ;
; Top-level Entity Name              ; SegDecCount                                ;
; Family                             ; Cyclone III                                ;
; Total logic elements               ; 367                                        ;
;     Total combinational functions  ; 350                                        ;
;     Dedicated logic registers      ; 114                                        ;
; Total registers                    ; 114                                        ;
; Total pins                         ; 50                                         ;
; Total virtual pins                 ; 0                                          ;
; Total memory bits                  ; 0                                          ;
; Embedded Multiplier 9-bit elements ; 0                                          ;
; Total PLLs                         ; 0                                          ;
+------------------------------------+--------------------------------------------+


+----------------------------------------------------------------------------------------------------------------------+
; Analysis & Synthesis Settings                                                                                        ;
+----------------------------------------------------------------------------+--------------------+--------------------+
; Option                                                                     ; Setting            ; Default Value      ;
+----------------------------------------------------------------------------+--------------------+--------------------+
; Device                                                                     ; EP3C16F484C6       ;                    ;
; Top-level entity name                                                      ; SegDecCount        ; SegDecCount        ;
; Family name                                                                ; Cyclone III        ; Cyclone IV GX      ;
; Use smart compilation                                                      ; Off                ; Off                ;
; Enable parallel Assembler and TimeQuest Timing Analyzer during compilation ; On                 ; On                 ;
; Enable compact report table                                                ; Off                ; Off                ;
; Restructure Multiplexers                                                   ; Auto               ; Auto               ;
; Create Debugging Nodes for IP Cores                                        ; Off                ; Off                ;
; Preserve fewer node names                                                  ; On                 ; On                 ;
; Disable OpenCore Plus hardware evaluation                                  ; Off                ; Off                ;
; Verilog Version                                                            ; Verilog_2001       ; Verilog_2001       ;
; VHDL Version                                                               ; VHDL_1993          ; VHDL_1993          ;
; State Machine Processing                                                   ; Auto               ; Auto               ;
; Safe State Machine                                                         ; Off                ; Off                ;
; Extract Verilog State Machines                                             ; On                 ; On                 ;
; Extract VHDL State Machines                                                ; On                 ; On                 ;
; Ignore Verilog initial constructs                                          ; Off                ; Off                ;
; Iteration limit for constant Verilog loops                                 ; 5000               ; 5000               ;
; Iteration limit for non-constant Verilog loops                             ; 250                ; 250                ;
; Add Pass-Through Logic to Inferred RAMs                                    ; On                 ; On                 ;
; Infer RAMs from Raw Logic                                                  ; On                 ; On                 ;
; Parallel Synthesis                                                         ; On                 ; On                 ;
; DSP Block Balancing                                                        ; Auto               ; Auto               ;
; NOT Gate Push-Back                                                         ; On                 ; On                 ;
; Power-Up Don't Care                                                        ; On                 ; On                 ;
; Remove Redundant Logic Cells                                               ; Off                ; Off                ;
; Remove Duplicate Registers                                                 ; On                 ; On                 ;
; Ignore CARRY Buffers                                                       ; Off                ; Off                ;
; Ignore CASCADE Buffers                                                     ; Off                ; Off                ;
; Ignore GLOBAL Buffers                                                      ; Off                ; Off                ;
; Ignore ROW GLOBAL Buffers                                                  ; Off                ; Off                ;
; Ignore LCELL Buffers                                                       ; Off                ; Off                ;
; Ignore SOFT Buffers                                                        ; On                 ; On                 ;
; Limit AHDL Integers to 32 Bits                                             ; Off                ; Off                ;
; Optimization Technique                                                     ; Balanced           ; Balanced           ;
; Carry Chain Length                                                         ; 70                 ; 70                 ;
; Auto Carry Chains                                                          ; On                 ; On                 ;
; Auto Open-Drain Pins                                                       ; On                 ; On                 ;
; Perform WYSIWYG Primitive Resynthesis                                      ; Off                ; Off                ;
; Auto ROM Replacement                                                       ; On                 ; On                 ;
; Auto RAM Replacement                                                       ; On                 ; On                 ;
; Auto DSP Block Replacement                                                 ; On                 ; On                 ;
; Auto Shift Register Replacement                                            ; Auto               ; Auto               ;
; Allow Shift Register Merging across Hierarchies                            ; Auto               ; Auto               ;
; Auto Clock Enable Replacement                                              ; On                 ; On                 ;
; Strict RAM Replacement                                                     ; Off                ; Off                ;
; Allow Synchronous Control Signals                                          ; On                 ; On                 ;
; Force Use of Synchronous Clear Signals                                     ; Off                ; Off                ;
; Auto RAM Block Balancing                                                   ; On                 ; On                 ;
; Auto RAM to Logic Cell Conversion                                          ; Off                ; Off                ;
; Auto Resource Sharing                                                      ; Off                ; Off                ;
; Allow Any RAM Size For Recognition                                         ; Off                ; Off                ;
; Allow Any ROM Size For Recognition                                         ; Off                ; Off                ;
; Allow Any Shift Register Size For Recognition                              ; Off                ; Off                ;
; Use LogicLock Constraints during Resource Balancing                        ; On                 ; On                 ;
; Ignore translate_off and synthesis_off directives                          ; Off                ; Off                ;
; Timing-Driven Synthesis                                                    ; On                 ; On                 ;
; Report Parameter Settings                                                  ; On                 ; On                 ;
; Report Source Assignments                                                  ; On                 ; On                 ;
; Report Connectivity Checks                                                 ; On                 ; On                 ;
; Ignore Maximum Fan-Out Assignments                                         ; Off                ; Off                ;
; Synchronization Register Chain Length                                      ; 2                  ; 2                  ;
; PowerPlay Power Optimization                                               ; Normal compilation ; Normal compilation ;
; HDL message level                                                          ; Level2             ; Level2             ;
; Suppress Register Optimization Related Messages                            ; Off                ; Off                ;
; Number of Removed Registers Reported in Synthesis Report                   ; 5000               ; 5000               ;
; Number of Swept Nodes Reported in Synthesis Report                         ; 5000               ; 5000               ;
; Number of Inverted Registers Reported in Synthesis Report                  ; 100                ; 100                ;
; Clock MUX Protection                                                       ; On                 ; On                 ;
; Auto Gated Clock Conversion                                                ; Off                ; Off                ;
; Block Design Naming                                                        ; Auto               ; Auto               ;
; SDC constraint protection                                                  ; Off                ; Off                ;
; Synthesis Effort                                                           ; Auto               ; Auto               ;
; Shift Register Replacement - Allow Asynchronous Clear Signal               ; On                 ; On                 ;
; Pre-Mapping Resynthesis Optimization                                       ; Off                ; Off                ;
; Analysis & Synthesis Message Level                                         ; Medium             ; Medium             ;
; Disable Register Merging Across Hierarchies                                ; Auto               ; Auto               ;
; Resource Aware Inference For Block RAM                                     ; On                 ; On                 ;
; Synthesis Seed                                                             ; 1                  ; 1                  ;
+----------------------------------------------------------------------------+--------------------+--------------------+


+------------------------------------------+
; Parallel Compilation                     ;
+----------------------------+-------------+
; Processors                 ; Number      ;
+----------------------------+-------------+
; Number detected on machine ; 4           ;
; Maximum allowed            ; 4           ;
;                            ;             ;
; Average used               ; 1.00        ;
; Maximum used               ; 2           ;
;                            ;             ;
; Usage by Processor         ; % Time Used ;
;     Processor 1            ; 100.0%      ;
;     Processor 2            ; < 0.1%      ;
;     Processors 3-4         ;   0.0%      ;
+----------------------------+-------------+


+-----------------------------------------------------------------------------------------------------------------------------------------------------------+
; Analysis & Synthesis Source Files Read                                                                                                                    ;
+----------------------------------+-----------------+------------------------+-------------------------------------------------------------------+---------+
; File Name with User-Entered Path ; Used in Netlist ; File Type              ; File Name with Absolute Path                                      ; Library ;
+----------------------------------+-----------------+------------------------+-------------------------------------------------------------------+---------+
; SegDecCount.v                    ; yes             ; User Verilog HDL File  ; C:/Users/Masa/Desktop/SegDecCount/SegDecCount.v                   ;         ;
; SegBlink.v                       ; yes             ; User Verilog HDL File  ; C:/Users/Masa/Desktop/SegDecCount/SegBlink.v                      ;         ;
; HexSegDec.v                      ; yes             ; User Verilog HDL File  ; C:/Users/Masa/Desktop/SegDecCount/HexSegDec.v                     ;         ;
; DigitMove.v                      ; yes             ; User Verilog HDL File  ; C:/Users/Masa/Desktop/SegDecCount/DigitMove.v                     ;         ;
; Clk_div.v                        ; yes             ; User Verilog HDL File  ; C:/Users/Masa/Desktop/SegDecCount/Clk_div.v                       ;         ;
; Chattering.v                     ; yes             ; User Verilog HDL File  ; C:/Users/Masa/Desktop/SegDecCount/Chattering.v                    ;         ;
; BcdCountSegDisplay.v             ; yes             ; User Verilog HDL File  ; C:/Users/Masa/Desktop/SegDecCount/BcdCountSegDisplay.v            ;         ;
; BcdCounter.v                     ; yes             ; User Verilog HDL File  ; C:/Users/Masa/Desktop/SegDecCount/BcdCounter.v                    ;         ;
; lpm_mult.tdf                     ; yes             ; Megafunction           ; c:/altera/13.1/quartus/libraries/megafunctions/lpm_mult.tdf       ;         ;
; aglobal131.inc                   ; yes             ; Megafunction           ; c:/altera/13.1/quartus/libraries/megafunctions/aglobal131.inc     ;         ;
; lpm_add_sub.inc                  ; yes             ; Megafunction           ; c:/altera/13.1/quartus/libraries/megafunctions/lpm_add_sub.inc    ;         ;
; multcore.inc                     ; yes             ; Megafunction           ; c:/altera/13.1/quartus/libraries/megafunctions/multcore.inc       ;         ;
; bypassff.inc                     ; yes             ; Megafunction           ; c:/altera/13.1/quartus/libraries/megafunctions/bypassff.inc       ;         ;
; altshift.inc                     ; yes             ; Megafunction           ; c:/altera/13.1/quartus/libraries/megafunctions/altshift.inc       ;         ;
; multcore.tdf                     ; yes             ; Megafunction           ; c:/altera/13.1/quartus/libraries/megafunctions/multcore.tdf       ;         ;
; csa_add.inc                      ; yes             ; Megafunction           ; c:/altera/13.1/quartus/libraries/megafunctions/csa_add.inc        ;         ;
; mpar_add.inc                     ; yes             ; Megafunction           ; c:/altera/13.1/quartus/libraries/megafunctions/mpar_add.inc       ;         ;
; muleabz.inc                      ; yes             ; Megafunction           ; c:/altera/13.1/quartus/libraries/megafunctions/muleabz.inc        ;         ;
; mul_lfrg.inc                     ; yes             ; Megafunction           ; c:/altera/13.1/quartus/libraries/megafunctions/mul_lfrg.inc       ;         ;
; mul_boothc.inc                   ; yes             ; Megafunction           ; c:/altera/13.1/quartus/libraries/megafunctions/mul_boothc.inc     ;         ;
; alt_ded_mult.inc                 ; yes             ; Megafunction           ; c:/altera/13.1/quartus/libraries/megafunctions/alt_ded_mult.inc   ;         ;
; alt_ded_mult_y.inc               ; yes             ; Megafunction           ; c:/altera/13.1/quartus/libraries/megafunctions/alt_ded_mult_y.inc ;         ;
; dffpipe.inc                      ; yes             ; Megafunction           ; c:/altera/13.1/quartus/libraries/megafunctions/dffpipe.inc        ;         ;
; mpar_add.tdf                     ; yes             ; Megafunction           ; c:/altera/13.1/quartus/libraries/megafunctions/mpar_add.tdf       ;         ;
; altshift.tdf                     ; yes             ; Megafunction           ; c:/altera/13.1/quartus/libraries/megafunctions/altshift.tdf       ;         ;
+----------------------------------+-----------------+------------------------+-------------------------------------------------------------------+---------+


+---------------------------------------------------------+
; Analysis & Synthesis Resource Usage Summary             ;
+---------------------------------------------+-----------+
; Resource                                    ; Usage     ;
+---------------------------------------------+-----------+
; Estimated Total logic elements              ; 367       ;
;                                             ;           ;
; Total combinational functions               ; 350       ;
; Logic element usage by number of LUT inputs ;           ;
;     -- 4 input functions                    ; 134       ;
;     -- 3 input functions                    ; 34        ;
;     -- <=2 input functions                  ; 182       ;
;                                             ;           ;
; Logic elements by mode                      ;           ;
;     -- normal mode                          ; 242       ;
;     -- arithmetic mode                      ; 108       ;
;                                             ;           ;
; Total registers                             ; 114       ;
;     -- Dedicated logic registers            ; 114       ;
;     -- I/O registers                        ; 0         ;
;                                             ;           ;
; I/O pins                                    ; 50        ;
; Embedded Multiplier 9-bit elements          ; 0         ;
; Maximum fan-out node                        ; rst~input ;
; Maximum fan-out                             ; 146       ;
; Total fan-out                               ; 1448      ;
; Average fan-out                             ; 2.57      ;
+---------------------------------------------+-----------+


+------------------------------------------------------------------------------------------------------------------------------------------------------------------------------------------------------------------------------------------------+
; Analysis & Synthesis Resource Utilization by Entity                                                                                                                                                                                            ;
+---------------------------------+-------------------+--------------+-------------+--------------+---------+-----------+------+--------------+-----------------------------------------------------------------------------------+--------------+
; Compilation Hierarchy Node      ; LC Combinationals ; LC Registers ; Memory Bits ; DSP Elements ; DSP 9x9 ; DSP 18x18 ; Pins ; Virtual Pins ; Full Hierarchy Name                                                               ; Library Name ;
+---------------------------------+-------------------+--------------+-------------+--------------+---------+-----------+------+--------------+-----------------------------------------------------------------------------------+--------------+
; |SegDecCount                    ; 350 (41)          ; 114 (0)      ; 0           ; 0            ; 0       ; 0         ; 50   ; 0            ; |SegDecCount                                                                      ; work         ;
;    |BcdCountSegDisplay:digit0|  ; 87 (0)            ; 30 (0)       ; 0           ; 0            ; 0       ; 0         ; 0    ; 0            ; |SegDecCount|BcdCountSegDisplay:digit0                                            ; work         ;
;       |BcdCounter:DecCounter|   ; 11 (4)            ; 4 (4)        ; 0           ; 0            ; 0       ; 0         ; 0    ; 0            ; |SegDecCount|BcdCountSegDisplay:digit0|BcdCounter:DecCounter                      ; work         ;
;          |HexSegDec:DisplaySeg| ; 7 (7)             ; 0 (0)        ; 0           ; 0            ; 0       ; 0         ; 0    ; 0            ; |SegDecCount|BcdCountSegDisplay:digit0|BcdCounter:DecCounter|HexSegDec:DisplaySeg ; work         ;
;       |SegBlink:SegBlinking|    ; 76 (9)            ; 26 (0)       ; 0           ; 0            ; 0       ; 0         ; 0    ; 0            ; |SegDecCount|BcdCountSegDisplay:digit0|SegBlink:SegBlinking                       ; work         ;
;          |Clk_div:blink_clk|    ; 67 (67)           ; 26 (26)      ; 0           ; 0            ; 0       ; 0         ; 0    ; 0            ; |SegDecCount|BcdCountSegDisplay:digit0|SegBlink:SegBlinking|Clk_div:blink_clk     ; work         ;
;    |BcdCountSegDisplay:digit1|  ; 20 (0)            ; 4 (0)        ; 0           ; 0            ; 0       ; 0         ; 0    ; 0            ; |SegDecCount|BcdCountSegDisplay:digit1                                            ; work         ;
;       |BcdCounter:DecCounter|   ; 11 (4)            ; 4 (4)        ; 0           ; 0            ; 0       ; 0         ; 0    ; 0            ; |SegDecCount|BcdCountSegDisplay:digit1|BcdCounter:DecCounter                      ; work         ;
;          |HexSegDec:DisplaySeg| ; 7 (7)             ; 0 (0)        ; 0           ; 0            ; 0       ; 0         ; 0    ; 0            ; |SegDecCount|BcdCountSegDisplay:digit1|BcdCounter:DecCounter|HexSegDec:DisplaySeg ; work         ;
;       |SegBlink:SegBlinking|    ; 9 (9)             ; 0 (0)        ; 0           ; 0            ; 0       ; 0         ; 0    ; 0            ; |SegDecCount|BcdCountSegDisplay:digit1|SegBlink:SegBlinking                       ; work         ;
;    |BcdCountSegDisplay:digit2|  ; 20 (0)            ; 4 (0)        ; 0           ; 0            ; 0       ; 0         ; 0    ; 0            ; |SegDecCount|BcdCountSegDisplay:digit2                                            ; work         ;
;       |BcdCounter:DecCounter|   ; 12 (4)            ; 4 (4)        ; 0           ; 0            ; 0       ; 0         ; 0    ; 0            ; |SegDecCount|BcdCountSegDisplay:digit2|BcdCounter:DecCounter                      ; work         ;
;          |HexSegDec:DisplaySeg| ; 8 (8)             ; 0 (0)        ; 0           ; 0            ; 0       ; 0         ; 0    ; 0            ; |SegDecCount|BcdCountSegDisplay:digit2|BcdCounter:DecCounter|HexSegDec:DisplaySeg ; work         ;
;       |SegBlink:SegBlinking|    ; 8 (8)             ; 0 (0)        ; 0           ; 0            ; 0       ; 0         ; 0    ; 0            ; |SegDecCount|BcdCountSegDisplay:digit2|SegBlink:SegBlinking                       ; work         ;
;    |BcdCountSegDisplay:digit3|  ; 20 (0)            ; 4 (0)        ; 0           ; 0            ; 0       ; 0         ; 0    ; 0            ; |SegDecCount|BcdCountSegDisplay:digit3                                            ; work         ;
;       |BcdCounter:DecCounter|   ; 12 (4)            ; 4 (4)        ; 0           ; 0            ; 0       ; 0         ; 0    ; 0            ; |SegDecCount|BcdCountSegDisplay:digit3|BcdCounter:DecCounter                      ; work         ;
;          |HexSegDec:DisplaySeg| ; 8 (8)             ; 0 (0)        ; 0           ; 0            ; 0       ; 0         ; 0    ; 0            ; |SegDecCount|BcdCountSegDisplay:digit3|BcdCounter:DecCounter|HexSegDec:DisplaySeg ; work         ;
;       |SegBlink:SegBlinking|    ; 8 (8)             ; 0 (0)        ; 0           ; 0            ; 0       ; 0         ; 0    ; 0            ; |SegDecCount|BcdCountSegDisplay:digit3|SegBlink:SegBlinking                       ; work         ;
;    |Chattering:btn0_chatter|    ; 73 (8)            ; 34 (8)       ; 0           ; 0            ; 0       ; 0         ; 0    ; 0            ; |SegDecCount|Chattering:btn0_chatter                                              ; work         ;
;       |Clk_div:gene_1khz|       ; 65 (65)           ; 26 (26)      ; 0           ; 0            ; 0       ; 0         ; 0    ; 0            ; |SegDecCount|Chattering:btn0_chatter|Clk_div:gene_1khz                            ; work         ;
;    |Chattering:btn1_chatter|    ; 73 (8)            ; 34 (8)       ; 0           ; 0            ; 0       ; 0         ; 0    ; 0            ; |SegDecCount|Chattering:btn1_chatter                                              ; work         ;
;       |Clk_div:gene_1khz|       ; 65 (65)           ; 26 (26)      ; 0           ; 0            ; 0       ; 0         ; 0    ; 0            ; |SegDecCount|Chattering:btn1_chatter|Clk_div:gene_1khz                            ; work         ;
;    |DigitMove:DigitShift|       ; 1 (1)             ; 4 (4)        ; 0           ; 0            ; 0       ; 0         ; 0    ; 0            ; |SegDecCount|DigitMove:DigitShift                                                 ; work         ;
;    |lpm_mult:Mult0|             ; 9 (0)             ; 0 (0)        ; 0           ; 0            ; 0       ; 0         ; 0    ; 0            ; |SegDecCount|lpm_mult:Mult0                                                       ; work         ;
;       |multcore:mult_core|      ; 9 (9)             ; 0 (0)        ; 0           ; 0            ; 0       ; 0         ; 0    ; 0            ; |SegDecCount|lpm_mult:Mult0|multcore:mult_core                                    ; work         ;
;    |lpm_mult:Mult1|             ; 6 (0)             ; 0 (0)        ; 0           ; 0            ; 0       ; 0         ; 0    ; 0            ; |SegDecCount|lpm_mult:Mult1                                                       ; work         ;
;       |multcore:mult_core|      ; 6 (6)             ; 0 (0)        ; 0           ; 0            ; 0       ; 0         ; 0    ; 0            ; |SegDecCount|lpm_mult:Mult1|multcore:mult_core                                    ; work         ;
+---------------------------------+-------------------+--------------+-------------+--------------+---------+-----------+------+--------------+-----------------------------------------------------------------------------------+--------------+
Note: For table entries with two numbers listed, the numbers in parentheses indicate the number of resources of the given type used by the specific entity alone. The numbers listed outside of parentheses indicate the total resources of the given type used by the specific entity and all of its sub-entities in the hierarchy.


+---------------------------------------------------------------------------------------------------+
; User-Specified and Inferred Latches                                                               ;
+----------------------------------------------------+---------------------+------------------------+
; Latch Name                                         ; Latch Enable Signal ; Free of Timing Hazards ;
+----------------------------------------------------+---------------------+------------------------+
; Chattering:btn0_chatter|btn_cp                     ; GND                 ; yes                    ;
; Chattering:btn1_chatter|btn_cp                     ; GND                 ; yes                    ;
; Number of user-specified and inferred latches = 2  ;                     ;                        ;
+----------------------------------------------------+---------------------+------------------------+
Note: All latches listed above may not be present at the end of synthesis due to various synthesis optimizations.


+-----------------------------------------------------------------------------------------------------------------------------------------------------------------+
; Registers Removed During Synthesis                                                                                                                              ;
+--------------------------------------------------------------------------+--------------------------------------------------------------------------------------+
; Register name                                                            ; Reason for Removal                                                                   ;
+--------------------------------------------------------------------------+--------------------------------------------------------------------------------------+
; BcdCountSegDisplay:digit1|SegBlink:SegBlinking|Clk_div:blink_clk|cnt[25] ; Merged with BcdCountSegDisplay:digit0|SegBlink:SegBlinking|Clk_div:blink_clk|cnt[25] ;
; BcdCountSegDisplay:digit2|SegBlink:SegBlinking|Clk_div:blink_clk|cnt[25] ; Merged with BcdCountSegDisplay:digit0|SegBlink:SegBlinking|Clk_div:blink_clk|cnt[25] ;
; BcdCountSegDisplay:digit3|SegBlink:SegBlinking|Clk_div:blink_clk|cnt[25] ; Merged with BcdCountSegDisplay:digit0|SegBlink:SegBlinking|Clk_div:blink_clk|cnt[25] ;
; BcdCountSegDisplay:digit1|SegBlink:SegBlinking|Clk_div:blink_clk|cnt[24] ; Merged with BcdCountSegDisplay:digit0|SegBlink:SegBlinking|Clk_div:blink_clk|cnt[24] ;
; BcdCountSegDisplay:digit2|SegBlink:SegBlinking|Clk_div:blink_clk|cnt[24] ; Merged with BcdCountSegDisplay:digit0|SegBlink:SegBlinking|Clk_div:blink_clk|cnt[24] ;
; BcdCountSegDisplay:digit3|SegBlink:SegBlinking|Clk_div:blink_clk|cnt[24] ; Merged with BcdCountSegDisplay:digit0|SegBlink:SegBlinking|Clk_div:blink_clk|cnt[24] ;
; BcdCountSegDisplay:digit1|SegBlink:SegBlinking|Clk_div:blink_clk|cnt[23] ; Merged with BcdCountSegDisplay:digit0|SegBlink:SegBlinking|Clk_div:blink_clk|cnt[23] ;
; BcdCountSegDisplay:digit2|SegBlink:SegBlinking|Clk_div:blink_clk|cnt[23] ; Merged with BcdCountSegDisplay:digit0|SegBlink:SegBlinking|Clk_div:blink_clk|cnt[23] ;
; BcdCountSegDisplay:digit3|SegBlink:SegBlinking|Clk_div:blink_clk|cnt[23] ; Merged with BcdCountSegDisplay:digit0|SegBlink:SegBlinking|Clk_div:blink_clk|cnt[23] ;
; BcdCountSegDisplay:digit1|SegBlink:SegBlinking|Clk_div:blink_clk|cnt[22] ; Merged with BcdCountSegDisplay:digit0|SegBlink:SegBlinking|Clk_div:blink_clk|cnt[22] ;
; BcdCountSegDisplay:digit2|SegBlink:SegBlinking|Clk_div:blink_clk|cnt[22] ; Merged with BcdCountSegDisplay:digit0|SegBlink:SegBlinking|Clk_div:blink_clk|cnt[22] ;
; BcdCountSegDisplay:digit3|SegBlink:SegBlinking|Clk_div:blink_clk|cnt[22] ; Merged with BcdCountSegDisplay:digit0|SegBlink:SegBlinking|Clk_div:blink_clk|cnt[22] ;
; BcdCountSegDisplay:digit1|SegBlink:SegBlinking|Clk_div:blink_clk|cnt[21] ; Merged with BcdCountSegDisplay:digit0|SegBlink:SegBlinking|Clk_div:blink_clk|cnt[21] ;
; BcdCountSegDisplay:digit2|SegBlink:SegBlinking|Clk_div:blink_clk|cnt[21] ; Merged with BcdCountSegDisplay:digit0|SegBlink:SegBlinking|Clk_div:blink_clk|cnt[21] ;
; BcdCountSegDisplay:digit3|SegBlink:SegBlinking|Clk_div:blink_clk|cnt[21] ; Merged with BcdCountSegDisplay:digit0|SegBlink:SegBlinking|Clk_div:blink_clk|cnt[21] ;
; BcdCountSegDisplay:digit1|SegBlink:SegBlinking|Clk_div:blink_clk|cnt[20] ; Merged with BcdCountSegDisplay:digit0|SegBlink:SegBlinking|Clk_div:blink_clk|cnt[20] ;
; BcdCountSegDisplay:digit2|SegBlink:SegBlinking|Clk_div:blink_clk|cnt[20] ; Merged with BcdCountSegDisplay:digit0|SegBlink:SegBlinking|Clk_div:blink_clk|cnt[20] ;
; BcdCountSegDisplay:digit3|SegBlink:SegBlinking|Clk_div:blink_clk|cnt[20] ; Merged with BcdCountSegDisplay:digit0|SegBlink:SegBlinking|Clk_div:blink_clk|cnt[20] ;
; BcdCountSegDisplay:digit1|SegBlink:SegBlinking|Clk_div:blink_clk|cnt[19] ; Merged with BcdCountSegDisplay:digit0|SegBlink:SegBlinking|Clk_div:blink_clk|cnt[19] ;
; BcdCountSegDisplay:digit2|SegBlink:SegBlinking|Clk_div:blink_clk|cnt[19] ; Merged with BcdCountSegDisplay:digit0|SegBlink:SegBlinking|Clk_div:blink_clk|cnt[19] ;
; BcdCountSegDisplay:digit3|SegBlink:SegBlinking|Clk_div:blink_clk|cnt[19] ; Merged with BcdCountSegDisplay:digit0|SegBlink:SegBlinking|Clk_div:blink_clk|cnt[19] ;
; BcdCountSegDisplay:digit1|SegBlink:SegBlinking|Clk_div:blink_clk|cnt[18] ; Merged with BcdCountSegDisplay:digit0|SegBlink:SegBlinking|Clk_div:blink_clk|cnt[18] ;
; BcdCountSegDisplay:digit2|SegBlink:SegBlinking|Clk_div:blink_clk|cnt[18] ; Merged with BcdCountSegDisplay:digit0|SegBlink:SegBlinking|Clk_div:blink_clk|cnt[18] ;
; BcdCountSegDisplay:digit3|SegBlink:SegBlinking|Clk_div:blink_clk|cnt[18] ; Merged with BcdCountSegDisplay:digit0|SegBlink:SegBlinking|Clk_div:blink_clk|cnt[18] ;
; BcdCountSegDisplay:digit1|SegBlink:SegBlinking|Clk_div:blink_clk|cnt[17] ; Merged with BcdCountSegDisplay:digit0|SegBlink:SegBlinking|Clk_div:blink_clk|cnt[17] ;
; BcdCountSegDisplay:digit2|SegBlink:SegBlinking|Clk_div:blink_clk|cnt[17] ; Merged with BcdCountSegDisplay:digit0|SegBlink:SegBlinking|Clk_div:blink_clk|cnt[17] ;
; BcdCountSegDisplay:digit3|SegBlink:SegBlinking|Clk_div:blink_clk|cnt[17] ; Merged with BcdCountSegDisplay:digit0|SegBlink:SegBlinking|Clk_div:blink_clk|cnt[17] ;
; BcdCountSegDisplay:digit1|SegBlink:SegBlinking|Clk_div:blink_clk|cnt[16] ; Merged with BcdCountSegDisplay:digit0|SegBlink:SegBlinking|Clk_div:blink_clk|cnt[16] ;
; BcdCountSegDisplay:digit2|SegBlink:SegBlinking|Clk_div:blink_clk|cnt[16] ; Merged with BcdCountSegDisplay:digit0|SegBlink:SegBlinking|Clk_div:blink_clk|cnt[16] ;
; BcdCountSegDisplay:digit3|SegBlink:SegBlinking|Clk_div:blink_clk|cnt[16] ; Merged with BcdCountSegDisplay:digit0|SegBlink:SegBlinking|Clk_div:blink_clk|cnt[16] ;
; BcdCountSegDisplay:digit1|SegBlink:SegBlinking|Clk_div:blink_clk|cnt[15] ; Merged with BcdCountSegDisplay:digit0|SegBlink:SegBlinking|Clk_div:blink_clk|cnt[15] ;
; BcdCountSegDisplay:digit2|SegBlink:SegBlinking|Clk_div:blink_clk|cnt[15] ; Merged with BcdCountSegDisplay:digit0|SegBlink:SegBlinking|Clk_div:blink_clk|cnt[15] ;
; BcdCountSegDisplay:digit3|SegBlink:SegBlinking|Clk_div:blink_clk|cnt[15] ; Merged with BcdCountSegDisplay:digit0|SegBlink:SegBlinking|Clk_div:blink_clk|cnt[15] ;
; BcdCountSegDisplay:digit1|SegBlink:SegBlinking|Clk_div:blink_clk|cnt[14] ; Merged with BcdCountSegDisplay:digit0|SegBlink:SegBlinking|Clk_div:blink_clk|cnt[14] ;
; BcdCountSegDisplay:digit2|SegBlink:SegBlinking|Clk_div:blink_clk|cnt[14] ; Merged with BcdCountSegDisplay:digit0|SegBlink:SegBlinking|Clk_div:blink_clk|cnt[14] ;
; BcdCountSegDisplay:digit3|SegBlink:SegBlinking|Clk_div:blink_clk|cnt[14] ; Merged with BcdCountSegDisplay:digit0|SegBlink:SegBlinking|Clk_div:blink_clk|cnt[14] ;
; BcdCountSegDisplay:digit1|SegBlink:SegBlinking|Clk_div:blink_clk|cnt[13] ; Merged with BcdCountSegDisplay:digit0|SegBlink:SegBlinking|Clk_div:blink_clk|cnt[13] ;
; BcdCountSegDisplay:digit2|SegBlink:SegBlinking|Clk_div:blink_clk|cnt[13] ; Merged with BcdCountSegDisplay:digit0|SegBlink:SegBlinking|Clk_div:blink_clk|cnt[13] ;
; BcdCountSegDisplay:digit3|SegBlink:SegBlinking|Clk_div:blink_clk|cnt[13] ; Merged with BcdCountSegDisplay:digit0|SegBlink:SegBlinking|Clk_div:blink_clk|cnt[13] ;
; BcdCountSegDisplay:digit1|SegBlink:SegBlinking|Clk_div:blink_clk|cnt[12] ; Merged with BcdCountSegDisplay:digit0|SegBlink:SegBlinking|Clk_div:blink_clk|cnt[12] ;
; BcdCountSegDisplay:digit2|SegBlink:SegBlinking|Clk_div:blink_clk|cnt[12] ; Merged with BcdCountSegDisplay:digit0|SegBlink:SegBlinking|Clk_div:blink_clk|cnt[12] ;
; BcdCountSegDisplay:digit3|SegBlink:SegBlinking|Clk_div:blink_clk|cnt[12] ; Merged with BcdCountSegDisplay:digit0|SegBlink:SegBlinking|Clk_div:blink_clk|cnt[12] ;
; BcdCountSegDisplay:digit1|SegBlink:SegBlinking|Clk_div:blink_clk|cnt[11] ; Merged with BcdCountSegDisplay:digit0|SegBlink:SegBlinking|Clk_div:blink_clk|cnt[11] ;
; BcdCountSegDisplay:digit2|SegBlink:SegBlinking|Clk_div:blink_clk|cnt[11] ; Merged with BcdCountSegDisplay:digit0|SegBlink:SegBlinking|Clk_div:blink_clk|cnt[11] ;
; BcdCountSegDisplay:digit3|SegBlink:SegBlinking|Clk_div:blink_clk|cnt[11] ; Merged with BcdCountSegDisplay:digit0|SegBlink:SegBlinking|Clk_div:blink_clk|cnt[11] ;
; BcdCountSegDisplay:digit1|SegBlink:SegBlinking|Clk_div:blink_clk|cnt[10] ; Merged with BcdCountSegDisplay:digit0|SegBlink:SegBlinking|Clk_div:blink_clk|cnt[10] ;
; BcdCountSegDisplay:digit2|SegBlink:SegBlinking|Clk_div:blink_clk|cnt[10] ; Merged with BcdCountSegDisplay:digit0|SegBlink:SegBlinking|Clk_div:blink_clk|cnt[10] ;
; BcdCountSegDisplay:digit3|SegBlink:SegBlinking|Clk_div:blink_clk|cnt[10] ; Merged with BcdCountSegDisplay:digit0|SegBlink:SegBlinking|Clk_div:blink_clk|cnt[10] ;
; BcdCountSegDisplay:digit1|SegBlink:SegBlinking|Clk_div:blink_clk|cnt[9]  ; Merged with BcdCountSegDisplay:digit0|SegBlink:SegBlinking|Clk_div:blink_clk|cnt[9]  ;
; BcdCountSegDisplay:digit2|SegBlink:SegBlinking|Clk_div:blink_clk|cnt[9]  ; Merged with BcdCountSegDisplay:digit0|SegBlink:SegBlinking|Clk_div:blink_clk|cnt[9]  ;
; BcdCountSegDisplay:digit3|SegBlink:SegBlinking|Clk_div:blink_clk|cnt[9]  ; Merged with BcdCountSegDisplay:digit0|SegBlink:SegBlinking|Clk_div:blink_clk|cnt[9]  ;
; BcdCountSegDisplay:digit1|SegBlink:SegBlinking|Clk_div:blink_clk|cnt[8]  ; Merged with BcdCountSegDisplay:digit0|SegBlink:SegBlinking|Clk_div:blink_clk|cnt[8]  ;
; BcdCountSegDisplay:digit2|SegBlink:SegBlinking|Clk_div:blink_clk|cnt[8]  ; Merged with BcdCountSegDisplay:digit0|SegBlink:SegBlinking|Clk_div:blink_clk|cnt[8]  ;
; BcdCountSegDisplay:digit3|SegBlink:SegBlinking|Clk_div:blink_clk|cnt[8]  ; Merged with BcdCountSegDisplay:digit0|SegBlink:SegBlinking|Clk_div:blink_clk|cnt[8]  ;
; BcdCountSegDisplay:digit1|SegBlink:SegBlinking|Clk_div:blink_clk|cnt[7]  ; Merged with BcdCountSegDisplay:digit0|SegBlink:SegBlinking|Clk_div:blink_clk|cnt[7]  ;
; BcdCountSegDisplay:digit2|SegBlink:SegBlinking|Clk_div:blink_clk|cnt[7]  ; Merged with BcdCountSegDisplay:digit0|SegBlink:SegBlinking|Clk_div:blink_clk|cnt[7]  ;
; BcdCountSegDisplay:digit3|SegBlink:SegBlinking|Clk_div:blink_clk|cnt[7]  ; Merged with BcdCountSegDisplay:digit0|SegBlink:SegBlinking|Clk_div:blink_clk|cnt[7]  ;
; BcdCountSegDisplay:digit1|SegBlink:SegBlinking|Clk_div:blink_clk|cnt[6]  ; Merged with BcdCountSegDisplay:digit0|SegBlink:SegBlinking|Clk_div:blink_clk|cnt[6]  ;
; BcdCountSegDisplay:digit2|SegBlink:SegBlinking|Clk_div:blink_clk|cnt[6]  ; Merged with BcdCountSegDisplay:digit0|SegBlink:SegBlinking|Clk_div:blink_clk|cnt[6]  ;
; BcdCountSegDisplay:digit3|SegBlink:SegBlinking|Clk_div:blink_clk|cnt[6]  ; Merged with BcdCountSegDisplay:digit0|SegBlink:SegBlinking|Clk_div:blink_clk|cnt[6]  ;
; BcdCountSegDisplay:digit1|SegBlink:SegBlinking|Clk_div:blink_clk|cnt[5]  ; Merged with BcdCountSegDisplay:digit0|SegBlink:SegBlinking|Clk_div:blink_clk|cnt[5]  ;
; BcdCountSegDisplay:digit2|SegBlink:SegBlinking|Clk_div:blink_clk|cnt[5]  ; Merged with BcdCountSegDisplay:digit0|SegBlink:SegBlinking|Clk_div:blink_clk|cnt[5]  ;
; BcdCountSegDisplay:digit3|SegBlink:SegBlinking|Clk_div:blink_clk|cnt[5]  ; Merged with BcdCountSegDisplay:digit0|SegBlink:SegBlinking|Clk_div:blink_clk|cnt[5]  ;
; BcdCountSegDisplay:digit1|SegBlink:SegBlinking|Clk_div:blink_clk|cnt[4]  ; Merged with BcdCountSegDisplay:digit0|SegBlink:SegBlinking|Clk_div:blink_clk|cnt[4]  ;
; BcdCountSegDisplay:digit2|SegBlink:SegBlinking|Clk_div:blink_clk|cnt[4]  ; Merged with BcdCountSegDisplay:digit0|SegBlink:SegBlinking|Clk_div:blink_clk|cnt[4]  ;
; BcdCountSegDisplay:digit3|SegBlink:SegBlinking|Clk_div:blink_clk|cnt[4]  ; Merged with BcdCountSegDisplay:digit0|SegBlink:SegBlinking|Clk_div:blink_clk|cnt[4]  ;
; BcdCountSegDisplay:digit1|SegBlink:SegBlinking|Clk_div:blink_clk|cnt[3]  ; Merged with BcdCountSegDisplay:digit0|SegBlink:SegBlinking|Clk_div:blink_clk|cnt[3]  ;
; BcdCountSegDisplay:digit2|SegBlink:SegBlinking|Clk_div:blink_clk|cnt[3]  ; Merged with BcdCountSegDisplay:digit0|SegBlink:SegBlinking|Clk_div:blink_clk|cnt[3]  ;
; BcdCountSegDisplay:digit3|SegBlink:SegBlinking|Clk_div:blink_clk|cnt[3]  ; Merged with BcdCountSegDisplay:digit0|SegBlink:SegBlinking|Clk_div:blink_clk|cnt[3]  ;
; BcdCountSegDisplay:digit1|SegBlink:SegBlinking|Clk_div:blink_clk|cnt[2]  ; Merged with BcdCountSegDisplay:digit0|SegBlink:SegBlinking|Clk_div:blink_clk|cnt[2]  ;
; BcdCountSegDisplay:digit2|SegBlink:SegBlinking|Clk_div:blink_clk|cnt[2]  ; Merged with BcdCountSegDisplay:digit0|SegBlink:SegBlinking|Clk_div:blink_clk|cnt[2]  ;
; BcdCountSegDisplay:digit3|SegBlink:SegBlinking|Clk_div:blink_clk|cnt[2]  ; Merged with BcdCountSegDisplay:digit0|SegBlink:SegBlinking|Clk_div:blink_clk|cnt[2]  ;
; BcdCountSegDisplay:digit1|SegBlink:SegBlinking|Clk_div:blink_clk|cnt[1]  ; Merged with BcdCountSegDisplay:digit0|SegBlink:SegBlinking|Clk_div:blink_clk|cnt[1]  ;
; BcdCountSegDisplay:digit2|SegBlink:SegBlinking|Clk_div:blink_clk|cnt[1]  ; Merged with BcdCountSegDisplay:digit0|SegBlink:SegBlinking|Clk_div:blink_clk|cnt[1]  ;
; BcdCountSegDisplay:digit3|SegBlink:SegBlinking|Clk_div:blink_clk|cnt[1]  ; Merged with BcdCountSegDisplay:digit0|SegBlink:SegBlinking|Clk_div:blink_clk|cnt[1]  ;
; BcdCountSegDisplay:digit1|SegBlink:SegBlinking|Clk_div:blink_clk|cnt[0]  ; Merged with BcdCountSegDisplay:digit0|SegBlink:SegBlinking|Clk_div:blink_clk|cnt[0]  ;
; BcdCountSegDisplay:digit2|SegBlink:SegBlinking|Clk_div:blink_clk|cnt[0]  ; Merged with BcdCountSegDisplay:digit0|SegBlink:SegBlinking|Clk_div:blink_clk|cnt[0]  ;
; BcdCountSegDisplay:digit3|SegBlink:SegBlinking|Clk_div:blink_clk|cnt[0]  ; Merged with BcdCountSegDisplay:digit0|SegBlink:SegBlinking|Clk_div:blink_clk|cnt[0]  ;
; Total Number of Removed Registers = 78                                   ;                                                                                      ;
+--------------------------------------------------------------------------+--------------------------------------------------------------------------------------+


+------------------------------------------------------+
; General Register Statistics                          ;
+----------------------------------------------+-------+
; Statistic                                    ; Value ;
+----------------------------------------------+-------+
; Total registers                              ; 114   ;
; Number of registers using Synchronous Clear  ; 0     ;
; Number of registers using Synchronous Load   ; 0     ;
; Number of registers using Asynchronous Clear ; 114   ;
; Number of registers using Asynchronous Load  ; 0     ;
; Number of registers using Clock Enable       ; 16    ;
; Number of registers using Preset             ; 0     ;
+----------------------------------------------+-------+


+------------------------------------------------------------------------------------+
; Inverted Register Statistics                                                       ;
+--------------------------------------------------------------------------+---------+
; Inverted Register                                                        ; Fan out ;
+--------------------------------------------------------------------------+---------+
; BcdCountSegDisplay:digit0|SegBlink:SegBlinking|Clk_div:blink_clk|cnt[25] ; 6       ;
; BcdCountSegDisplay:digit0|SegBlink:SegBlinking|Clk_div:blink_clk|cnt[17] ; 4       ;
; BcdCountSegDisplay:digit0|SegBlink:SegBlinking|Clk_div:blink_clk|cnt[22] ; 2       ;
; BcdCountSegDisplay:digit0|SegBlink:SegBlinking|Clk_div:blink_clk|cnt[21] ; 2       ;
; BcdCountSegDisplay:digit0|SegBlink:SegBlinking|Clk_div:blink_clk|cnt[20] ; 2       ;
; BcdCountSegDisplay:digit0|SegBlink:SegBlinking|Clk_div:blink_clk|cnt[19] ; 2       ;
; BcdCountSegDisplay:digit0|SegBlink:SegBlinking|Clk_div:blink_clk|cnt[14] ; 3       ;
; BcdCountSegDisplay:digit0|SegBlink:SegBlinking|Clk_div:blink_clk|cnt[13] ; 3       ;
; BcdCountSegDisplay:digit0|SegBlink:SegBlinking|Clk_div:blink_clk|cnt[12] ; 3       ;
; BcdCountSegDisplay:digit0|SegBlink:SegBlinking|Clk_div:blink_clk|cnt[7]  ; 2       ;
; BcdCountSegDisplay:digit0|SegBlink:SegBlinking|Clk_div:blink_clk|cnt[15] ; 3       ;
; BcdCountSegDisplay:digit0|SegBlink:SegBlinking|Clk_div:blink_clk|cnt[23] ; 4       ;
; Chattering:btn1_chatter|btn_buff[6]                                      ; 3       ;
; Chattering:btn1_chatter|btn_buff[5]                                      ; 3       ;
; Chattering:btn1_chatter|btn_buff[4]                                      ; 3       ;
; Chattering:btn1_chatter|btn_buff[7]                                      ; 2       ;
; Chattering:btn1_chatter|btn_buff[3]                                      ; 3       ;
; Chattering:btn1_chatter|btn_buff[2]                                      ; 3       ;
; Chattering:btn1_chatter|btn_buff[1]                                      ; 3       ;
; Chattering:btn1_chatter|btn_buff[0]                                      ; 3       ;
; Chattering:btn0_chatter|btn_buff[6]                                      ; 3       ;
; Chattering:btn0_chatter|btn_buff[5]                                      ; 3       ;
; Chattering:btn0_chatter|btn_buff[4]                                      ; 3       ;
; Chattering:btn0_chatter|btn_buff[7]                                      ; 2       ;
; Chattering:btn0_chatter|btn_buff[3]                                      ; 3       ;
; Chattering:btn0_chatter|btn_buff[2]                                      ; 3       ;
; Chattering:btn0_chatter|btn_buff[1]                                      ; 3       ;
; Chattering:btn0_chatter|btn_buff[0]                                      ; 3       ;
; Chattering:btn1_chatter|Clk_div:gene_1khz|cnt[15]                        ; 3       ;
; Chattering:btn1_chatter|Clk_div:gene_1khz|cnt[9]                         ; 3       ;
; Chattering:btn1_chatter|Clk_div:gene_1khz|cnt[14]                        ; 3       ;
; Chattering:btn1_chatter|Clk_div:gene_1khz|cnt[8]                         ; 3       ;
; Chattering:btn1_chatter|Clk_div:gene_1khz|cnt[6]                         ; 3       ;
; Chattering:btn1_chatter|Clk_div:gene_1khz|cnt[4]                         ; 3       ;
; Chattering:btn0_chatter|Clk_div:gene_1khz|cnt[15]                        ; 3       ;
; Chattering:btn0_chatter|Clk_div:gene_1khz|cnt[9]                         ; 3       ;
; Chattering:btn0_chatter|Clk_div:gene_1khz|cnt[14]                        ; 3       ;
; Chattering:btn0_chatter|Clk_div:gene_1khz|cnt[8]                         ; 3       ;
; Chattering:btn0_chatter|Clk_div:gene_1khz|cnt[6]                         ; 3       ;
; Chattering:btn0_chatter|Clk_div:gene_1khz|cnt[4]                         ; 3       ;
; Total number of inverted registers = 40                                  ;         ;
+--------------------------------------------------------------------------+---------+


+--------------------------------------------------------------------------------------------------------------------------------------------------------------------------------------+
; Multiplexer Restructuring Statistics (Restructuring Performed)                                                                                                                       ;
+--------------------+-----------+---------------+----------------------+------------------------+------------+------------------------------------------------------------------------+
; Multiplexer Inputs ; Bus Width ; Baseline Area ; Area if Restructured ; Saving if Restructured ; Registered ; Example Multiplexer Output                                             ;
+--------------------+-----------+---------------+----------------------+------------------------+------------+------------------------------------------------------------------------+
; 3:1                ; 8 bits    ; 16 LEs        ; 16 LEs               ; 0 LEs                  ; No         ; |SegDecCount|BcdCountSegDisplay:digit0|SegBlink:SegBlinking|seg_out[1] ;
; 3:1                ; 8 bits    ; 16 LEs        ; 16 LEs               ; 0 LEs                  ; No         ; |SegDecCount|BcdCountSegDisplay:digit1|SegBlink:SegBlinking|seg_out[7] ;
; 3:1                ; 8 bits    ; 16 LEs        ; 16 LEs               ; 0 LEs                  ; No         ; |SegDecCount|BcdCountSegDisplay:digit2|SegBlink:SegBlinking|seg_out[0] ;
; 3:1                ; 8 bits    ; 16 LEs        ; 16 LEs               ; 0 LEs                  ; No         ; |SegDecCount|BcdCountSegDisplay:digit3|SegBlink:SegBlinking|seg_out[1] ;
+--------------------+-----------+---------------+----------------------+------------------------+------------+------------------------------------------------------------------------+


+-----------------------------------------------------------------------------+
; Parameter Settings for User Entity Instance: Top-level Entity: |SegDecCount ;
+----------------+-------+----------------------------------------------------+
; Parameter Name ; Value ; Type                                               ;
+----------------+-------+----------------------------------------------------+
; width          ; 4     ; Signed Integer                                     ;
+----------------+-------+----------------------------------------------------+
Note: In order to hide this table in the UI and the text report file, please set the "Show Parameter Settings in Synthesis Report" option in "Analysis and Synthesis Settings -> More Settings" to "Off".


+-------------------------------------------------------------------+
; Parameter Settings for User Entity Instance: DigitMove:DigitShift ;
+----------------+-------+------------------------------------------+
; Parameter Name ; Value ; Type                                     ;
+----------------+-------+------------------------------------------+
; width          ; 4     ; Signed Integer                           ;
+----------------+-------+------------------------------------------+
Note: In order to hide this table in the UI and the text report file, please set the "Show Parameter Settings in Synthesis Report" option in "Analysis and Synthesis Settings -> More Settings" to "Off".


+------------------------------------------------------------------------------------+
; Parameter Settings for Inferred Entity Instance: lpm_mult:Mult1                    ;
+------------------------------------------------+-------------+---------------------+
; Parameter Name                                 ; Value       ; Type                ;
+------------------------------------------------+-------------+---------------------+
; AUTO_CARRY_CHAINS                              ; ON          ; AUTO_CARRY          ;
; IGNORE_CARRY_BUFFERS                           ; OFF         ; IGNORE_CARRY        ;
; AUTO_CASCADE_CHAINS                            ; ON          ; AUTO_CASCADE        ;
; IGNORE_CASCADE_BUFFERS                         ; OFF         ; IGNORE_CASCADE      ;
; LPM_WIDTHA                                     ; 7           ; Untyped             ;
; LPM_WIDTHB                                     ; 4           ; Untyped             ;
; LPM_WIDTHP                                     ; 11          ; Untyped             ;
; LPM_WIDTHR                                     ; 11          ; Untyped             ;
; LPM_WIDTHS                                     ; 1           ; Untyped             ;
; LPM_REPRESENTATION                             ; UNSIGNED    ; Untyped             ;
; LPM_PIPELINE                                   ; 0           ; Untyped             ;
; LATENCY                                        ; 0           ; Untyped             ;
; INPUT_A_IS_CONSTANT                            ; YES         ; Untyped             ;
; INPUT_B_IS_CONSTANT                            ; NO          ; Untyped             ;
; USE_EAB                                        ; OFF         ; Untyped             ;
; MAXIMIZE_SPEED                                 ; 5           ; Untyped             ;
; DEVICE_FAMILY                                  ; Cyclone III ; Untyped             ;
; CARRY_CHAIN                                    ; MANUAL      ; Untyped             ;
; APEX20K_TECHNOLOGY_MAPPER                      ; LUT         ; TECH_MAPPER_APEX20K ;
; DEDICATED_MULTIPLIER_CIRCUITRY                 ; AUTO        ; Untyped             ;
; DEDICATED_MULTIPLIER_MIN_INPUT_WIDTH_FOR_AUTO  ; 0           ; Untyped             ;
; DEDICATED_MULTIPLIER_MIN_OUTPUT_WIDTH_FOR_AUTO ; 0           ; Untyped             ;
; CBXI_PARAMETER                                 ; NOTHING     ; Untyped             ;
; INPUT_A_FIXED_VALUE                            ; Bx          ; Untyped             ;
; INPUT_B_FIXED_VALUE                            ; Bx          ; Untyped             ;
; USE_AHDL_IMPLEMENTATION                        ; OFF         ; Untyped             ;
+------------------------------------------------+-------------+---------------------+
Note: In order to hide this table in the UI and the text report file, please set the "Show Parameter Settings in Synthesis Report" option in "Analysis and Synthesis Settings -> More Settings" to "Off".


+------------------------------------------------------------------------------------+
; Parameter Settings for Inferred Entity Instance: lpm_mult:Mult0                    ;
+------------------------------------------------+-------------+---------------------+
; Parameter Name                                 ; Value       ; Type                ;
+------------------------------------------------+-------------+---------------------+
; AUTO_CARRY_CHAINS                              ; ON          ; AUTO_CARRY          ;
; IGNORE_CARRY_BUFFERS                           ; OFF         ; IGNORE_CARRY        ;
; AUTO_CASCADE_CHAINS                            ; ON          ; AUTO_CASCADE        ;
; IGNORE_CASCADE_BUFFERS                         ; OFF         ; IGNORE_CASCADE      ;
; LPM_WIDTHA                                     ; 10          ; Untyped             ;
; LPM_WIDTHB                                     ; 4           ; Untyped             ;
; LPM_WIDTHP                                     ; 14          ; Untyped             ;
; LPM_WIDTHR                                     ; 14          ; Untyped             ;
; LPM_WIDTHS                                     ; 1           ; Untyped             ;
; LPM_REPRESENTATION                             ; UNSIGNED    ; Untyped             ;
; LPM_PIPELINE                                   ; 0           ; Untyped             ;
; LATENCY                                        ; 0           ; Untyped             ;
; INPUT_A_IS_CONSTANT                            ; YES         ; Untyped             ;
; INPUT_B_IS_CONSTANT                            ; NO          ; Untyped             ;
; USE_EAB                                        ; OFF         ; Untyped             ;
; MAXIMIZE_SPEED                                 ; 6           ; Untyped             ;
; DEVICE_FAMILY                                  ; Cyclone III ; Untyped             ;
; CARRY_CHAIN                                    ; MANUAL      ; Untyped             ;
; APEX20K_TECHNOLOGY_MAPPER                      ; LUT         ; TECH_MAPPER_APEX20K ;
; DEDICATED_MULTIPLIER_CIRCUITRY                 ; AUTO        ; Untyped             ;
; DEDICATED_MULTIPLIER_MIN_INPUT_WIDTH_FOR_AUTO  ; 0           ; Untyped             ;
; DEDICATED_MULTIPLIER_MIN_OUTPUT_WIDTH_FOR_AUTO ; 0           ; Untyped             ;
; CBXI_PARAMETER                                 ; NOTHING     ; Untyped             ;
; INPUT_A_FIXED_VALUE                            ; Bx          ; Untyped             ;
; INPUT_B_FIXED_VALUE                            ; Bx          ; Untyped             ;
; USE_AHDL_IMPLEMENTATION                        ; OFF         ; Untyped             ;
+------------------------------------------------+-------------+---------------------+
Note: In order to hide this table in the UI and the text report file, please set the "Show Parameter Settings in Synthesis Report" option in "Analysis and Synthesis Settings -> More Settings" to "Off".


+--------------------------------------------------------+
; lpm_mult Parameter Settings by Entity Instance         ;
+---------------------------------------+----------------+
; Name                                  ; Value          ;
+---------------------------------------+----------------+
; Number of entity instances            ; 2              ;
; Entity Instance                       ; lpm_mult:Mult1 ;
;     -- LPM_WIDTHA                     ; 7              ;
;     -- LPM_WIDTHB                     ; 4              ;
;     -- LPM_WIDTHP                     ; 11             ;
;     -- LPM_REPRESENTATION             ; UNSIGNED       ;
;     -- INPUT_A_IS_CONSTANT            ; YES            ;
;     -- INPUT_B_IS_CONSTANT            ; NO             ;
;     -- USE_EAB                        ; OFF            ;
;     -- DEDICATED_MULTIPLIER_CIRCUITRY ; AUTO           ;
;     -- INPUT_A_FIXED_VALUE            ; Bx             ;
;     -- INPUT_B_FIXED_VALUE            ; Bx             ;
; Entity Instance                       ; lpm_mult:Mult0 ;
;     -- LPM_WIDTHA                     ; 10             ;
;     -- LPM_WIDTHB                     ; 4              ;
;     -- LPM_WIDTHP                     ; 14             ;
;     -- LPM_REPRESENTATION             ; UNSIGNED       ;
;     -- INPUT_A_IS_CONSTANT            ; YES            ;
;     -- INPUT_B_IS_CONSTANT            ; NO             ;
;     -- USE_EAB                        ; OFF            ;
;     -- DEDICATED_MULTIPLIER_CIRCUITRY ; AUTO           ;
;     -- INPUT_A_FIXED_VALUE            ; Bx             ;
;     -- INPUT_B_FIXED_VALUE            ; Bx             ;
+---------------------------------------+----------------+


+----------------------------------------------------------------------------------------------+
; Port Connectivity Checks: "BcdCountSegDisplay:digit0|SegBlink:SegBlinking|Clk_div:blink_clk" ;
+-------------+-------+----------+-------------------------------------------------------------+
; Port        ; Type  ; Severity ; Details                                                     ;
+-------------+-------+----------+-------------------------------------------------------------+
; div[23..19] ; Input ; Info     ; Stuck at VCC                                                ;
; div[15..12] ; Input ; Info     ; Stuck at VCC                                                ;
; div[11..8]  ; Input ; Info     ; Stuck at GND                                                ;
; div[6..0]   ; Input ; Info     ; Stuck at GND                                                ;
; div[25]     ; Input ; Info     ; Stuck at VCC                                                ;
; div[24]     ; Input ; Info     ; Stuck at GND                                                ;
; div[18]     ; Input ; Info     ; Stuck at GND                                                ;
; div[17]     ; Input ; Info     ; Stuck at VCC                                                ;
; div[16]     ; Input ; Info     ; Stuck at GND                                                ;
; div[7]      ; Input ; Info     ; Stuck at VCC                                                ;
+-------------+-------+----------+-------------------------------------------------------------+


+----------------------------------------------------------------------------------------------------------------------------------------------------------------------------------+
; Port Connectivity Checks: "Chattering:btn0_chatter|Clk_div:gene_1khz"                                                                                                            ;
+-------------+-------+----------+-------------------------------------------------------------------------------------------------------------------------------------------------+
; Port        ; Type  ; Severity ; Details                                                                                                                                         ;
+-------------+-------+----------+-------------------------------------------------------------------------------------------------------------------------------------------------+
; div         ; Input ; Warning  ; Input port expression (16 bits) is smaller than the input port (26 bits) it drives.  Extra input bit(s) "div[25..16]" will be connected to GND. ;
; div[15..14] ; Input ; Info     ; Stuck at VCC                                                                                                                                    ;
; div[9..8]   ; Input ; Info     ; Stuck at VCC                                                                                                                                    ;
; div[13..10] ; Input ; Info     ; Stuck at GND                                                                                                                                    ;
; div[3..0]   ; Input ; Info     ; Stuck at GND                                                                                                                                    ;
; div[17]     ; Input ; Info     ; Stuck at GND                                                                                                                                    ;
; div[16]     ; Input ; Info     ; Stuck at VCC                                                                                                                                    ;
; div[15]     ; Input ; Info     ; Stuck at GND                                                                                                                                    ;
; div[14]     ; Input ; Info     ; Stuck at VCC                                                                                                                                    ;
+-------------+-------+----------+-------------------------------------------------------------------------------------------------------------------------------------------------+


+-------------------------------+
; Elapsed Time Per Partition    ;
+----------------+--------------+
; Partition Name ; Elapsed Time ;
+----------------+--------------+
; Top            ; 00:00:01     ;
+----------------+--------------+


+-------------------------------+
; Analysis & Synthesis Messages ;
+-------------------------------+
Info: *******************************************************************
Info: Running Quartus II 64-Bit Analysis & Synthesis
    Info: Version 13.1.0 Build 162 10/23/2013 SJ Web Edition
    Info: Processing started: Sun Apr 13 14:17:10 2014
Info: Command: quartus_map --read_settings_files=on --write_settings_files=off SegDecCount -c SegDecCount
Info (20030): Parallel compilation is enabled and will use 4 of the 4 processors detected
Info (12021): Found 1 design units, including 1 entities, in source file segdeccount.v
    Info (12023): Found entity 1: SegDecCount
Info (12021): Found 1 design units, including 1 entities, in source file segblink.v
    Info (12023): Found entity 1: SegBlink
Info (12021): Found 1 design units, including 1 entities, in source file hexsegdec.v
    Info (12023): Found entity 1: HexSegDec
Info (12021): Found 1 design units, including 1 entities, in source file digitmove.v
    Info (12023): Found entity 1: DigitMove
Info (12021): Found 1 design units, including 1 entities, in source file clk_div.v
    Info (12023): Found entity 1: Clk_div
Info (12021): Found 1 design units, including 1 entities, in source file chattering.v
    Info (12023): Found entity 1: Chattering
Info (12021): Found 1 design units, including 1 entities, in source file bcdcountsegdisplay.v
    Info (12023): Found entity 1: BcdCountSegDisplay
Info (12021): Found 1 design units, including 1 entities, in source file bcdcounter.v
    Info (12023): Found entity 1: BcdCounter
Info (12127): Elaborating entity "SegDecCount" for the top level hierarchy
Info (12128): Elaborating entity "Chattering" for hierarchy "Chattering:btn0_chatter"
Info (10041): Inferred latch for "btn_cp" at Chattering.v(39)
Info (12128): Elaborating entity "Clk_div" for hierarchy "Chattering:btn0_chatter|Clk_div:gene_1khz"
Info (12128): Elaborating entity "DigitMove" for hierarchy "DigitMove:DigitShift"
Warning (10230): Verilog HDL assignment warning at DigitMove.v(36): truncated value with size 32 to match size of target (4)
Info (12128): Elaborating entity "BcdCountSegDisplay" for hierarchy "BcdCountSegDisplay:digit0"
Info (12128): Elaborating entity "BcdCounter" for hierarchy "BcdCountSegDisplay:digit0|BcdCounter:DecCounter"
Info (12128): Elaborating entity "HexSegDec" for hierarchy "BcdCountSegDisplay:digit0|BcdCounter:DecCounter|HexSegDec:DisplaySeg"
Info (12128): Elaborating entity "SegBlink" for hierarchy "BcdCountSegDisplay:digit0|SegBlink:SegBlinking"
Warning (12010): Port "ordered port 2" on the entity instantiation of "gene_1khz" is connected to a signal of width 16. The formal width of the signal in the module is 26.  The extra bits will be driven by GND.
Info (278001): Inferred 2 megafunctions from design logic
    Info (278003): Inferred multiplier megafunction ("lpm_mult") from the following logic: "Mult1"
    Info (278003): Inferred multiplier megafunction ("lpm_mult") from the following logic: "Mult0"
Info (12130): Elaborated megafunction instantiation "lpm_mult:Mult1"
Info (12133): Instantiated megafunction "lpm_mult:Mult1" with the following parameter:
    Info (12134): Parameter "LPM_WIDTHA" = "7"
    Info (12134): Parameter "LPM_WIDTHB" = "4"
    Info (12134): Parameter "LPM_WIDTHP" = "11"
    Info (12134): Parameter "LPM_WIDTHR" = "11"
    Info (12134): Parameter "LPM_WIDTHS" = "1"
    Info (12134): Parameter "LPM_REPRESENTATION" = "UNSIGNED"
    Info (12134): Parameter "INPUT_A_IS_CONSTANT" = "YES"
    Info (12134): Parameter "INPUT_B_IS_CONSTANT" = "NO"
    Info (12134): Parameter "MAXIMIZE_SPEED" = "5"
Info (12131): Elaborated megafunction instantiation "lpm_mult:Mult1|multcore:mult_core", which is child of megafunction instantiation "lpm_mult:Mult1"
Info (12131): Elaborated megafunction instantiation "lpm_mult:Mult1|multcore:mult_core|mpar_add:padder", which is child of megafunction instantiation "lpm_mult:Mult1"
Info (12131): Elaborated megafunction instantiation "lpm_mult:Mult1|altshift:external_latency_ffs", which is child of megafunction instantiation "lpm_mult:Mult1"
Info (12130): Elaborated megafunction instantiation "lpm_mult:Mult0"
Info (12133): Instantiated megafunction "lpm_mult:Mult0" with the following parameter:
    Info (12134): Parameter "LPM_WIDTHA" = "10"
    Info (12134): Parameter "LPM_WIDTHB" = "4"
    Info (12134): Parameter "LPM_WIDTHP" = "14"
    Info (12134): Parameter "LPM_WIDTHR" = "14"
    Info (12134): Parameter "LPM_WIDTHS" = "1"
    Info (12134): Parameter "LPM_REPRESENTATION" = "UNSIGNED"
    Info (12134): Parameter "INPUT_A_IS_CONSTANT" = "YES"
    Info (12134): Parameter "INPUT_B_IS_CONSTANT" = "NO"
    Info (12134): Parameter "MAXIMIZE_SPEED" = "6"
Info (12131): Elaborated megafunction instantiation "lpm_mult:Mult0|multcore:mult_core", which is child of megafunction instantiation "lpm_mult:Mult0"
Info (12131): Elaborated megafunction instantiation "lpm_mult:Mult0|multcore:mult_core|mpar_add:padder", which is child of megafunction instantiation "lpm_mult:Mult0"
Info (12131): Elaborated megafunction instantiation "lpm_mult:Mult0|altshift:external_latency_ffs", which is child of megafunction instantiation "lpm_mult:Mult0"
Warning (12241): 1 hierarchies have connectivity warnings - see the Connectivity Checks report folder
Info (13000): Registers with preset signals will power-up high
Info (13003): DEV_CLRn pin will set, and not reset, register with preset signal due to NOT Gate Push-Back
Critical Warning (18061): Ignored Power-Up Level option on the following registers
    Critical Warning (18010): Register BcdCountSegDisplay:digit0|SegBlink:SegBlinking|Clk_div:blink_clk|cnt[25] will power up to High
    Critical Warning (18010): Register BcdCountSegDisplay:digit0|SegBlink:SegBlinking|Clk_div:blink_clk|cnt[23] will power up to High
    Critical Warning (18010): Register BcdCountSegDisplay:digit0|SegBlink:SegBlinking|Clk_div:blink_clk|cnt[17] will power up to High
    Critical Warning (18010): Register BcdCountSegDisplay:digit0|SegBlink:SegBlinking|Clk_div:blink_clk|cnt[15] will power up to High
    Critical Warning (18010): Register BcdCountSegDisplay:digit0|SegBlink:SegBlinking|Clk_div:blink_clk|cnt[7] will power up to High
    Critical Warning (18010): Register BcdCountSegDisplay:digit0|SegBlink:SegBlinking|Clk_div:blink_clk|cnt[14] will power up to High
    Critical Warning (18010): Register BcdCountSegDisplay:digit0|SegBlink:SegBlinking|Clk_div:blink_clk|cnt[13] will power up to High
    Critical Warning (18010): Register BcdCountSegDisplay:digit0|SegBlink:SegBlinking|Clk_div:blink_clk|cnt[12] will power up to High
    Critical Warning (18010): Register BcdCountSegDisplay:digit0|SegBlink:SegBlinking|Clk_div:blink_clk|cnt[22] will power up to High
    Critical Warning (18010): Register BcdCountSegDisplay:digit0|SegBlink:SegBlinking|Clk_div:blink_clk|cnt[21] will power up to High
    Critical Warning (18010): Register BcdCountSegDisplay:digit0|SegBlink:SegBlinking|Clk_div:blink_clk|cnt[20] will power up to High
    Critical Warning (18010): Register BcdCountSegDisplay:digit0|SegBlink:SegBlinking|Clk_div:blink_clk|cnt[19] will power up to High
    Critical Warning (18010): Register Chattering:btn0_chatter|btn_buff[7] will power up to High
    Critical Warning (18010): Register Chattering:btn1_chatter|btn_buff[7] will power up to High
    Critical Warning (18010): Register Chattering:btn0_chatter|Clk_div:gene_1khz|cnt[15] will power up to High
    Critical Warning (18010): Register Chattering:btn0_chatter|Clk_div:gene_1khz|cnt[14] will power up to High
    Critical Warning (18010): Register Chattering:btn0_chatter|Clk_div:gene_1khz|cnt[9] will power up to High
    Critical Warning (18010): Register Chattering:btn0_chatter|Clk_div:gene_1khz|cnt[8] will power up to High
    Critical Warning (18010): Register Chattering:btn0_chatter|Clk_div:gene_1khz|cnt[6] will power up to High
    Critical Warning (18010): Register Chattering:btn0_chatter|Clk_div:gene_1khz|cnt[4] will power up to High
    Critical Warning (18010): Register Chattering:btn1_chatter|Clk_div:gene_1khz|cnt[15] will power up to High
    Critical Warning (18010): Register Chattering:btn1_chatter|Clk_div:gene_1khz|cnt[14] will power up to High
    Critical Warning (18010): Register Chattering:btn1_chatter|Clk_div:gene_1khz|cnt[9] will power up to High
    Critical Warning (18010): Register Chattering:btn1_chatter|Clk_div:gene_1khz|cnt[8] will power up to High
    Critical Warning (18010): Register Chattering:btn1_chatter|Clk_div:gene_1khz|cnt[6] will power up to High
    Critical Warning (18010): Register Chattering:btn1_chatter|Clk_div:gene_1khz|cnt[4] will power up to High
Info (286030): Timing-Driven Synthesis is running
Info (16010): Generating hard_block partition "hard_block:auto_generated_inst"
    Info (16011): Adding 0 node(s), including 0 DDIO, 0 PLL, 0 transceiver and 0 LCELL
Info (21057): Implemented 417 device resources after synthesis - the final resource count might be different
    Info (21058): Implemented 4 input pins
    Info (21059): Implemented 46 output pins
    Info (21061): Implemented 367 logic cells
Info: Quartus II 64-Bit Analysis & Synthesis was successful. 0 errors, 30 warnings
    Info: Peak virtual memory: 503 megabytes
    Info: Processing ended: Sun Apr 13 14:17:12 2014
    Info: Elapsed time: 00:00:02
    Info: Total CPU time (on all processors): 00:00:03


